panic: runtime error: invalid memory address or nil pointer dereference
[signal SIGSEGV: segmentation violation code=0x1 addr=0x18 pc=0xaa1793]

goroutine 1 [running]:
github.com/gohornet/hornet/pkg/protocol.(*Protocol).Receive(0xc0000e05a0, 0x7f2612053000, 0x3, 0x3)
	/home/karimo/src/freelancing/iota/repos/hornet/pkg/protocol/protocol.go:206 +0x543
github.com/gohornet/hornet/plugins/gossip.Fuzz(0x7f2612053000, 0x3, 0x3, 0x3)
	/home/karimo/src/freelancing/iota/repos/hornet/plugins/gossip/fuzz.go:7 +0x6d
go-fuzz-dep.Main(0xc000133f70, 0x1, 0x1)
	go-fuzz-dep/main.go:36 +0x1ad
main.main()
	github.com/gohornet/hornet/plugins/gossip/go.fuzz.main/main.go:15 +0x52

goroutine 19 [runnable]:
github.com/iotaledger/hive.go/objectstorage.init.0.func1()
	/home/karimo/go/pkg/mod/github.com/iotaledger/hive.go@v0.0.0-20200817231853-1c598e8496d7/objectstorage/leak_detection.go:144
created by github.com/iotaledger/hive.go/objectstorage.init.0
	/home/karimo/go/pkg/mod/github.com/iotaledger/hive.go@v0.0.0-20200817231853-1c598e8496d7/objectstorage/leak_detection.go:144 +0x35

goroutine 20 [runnable]:
github.com/iotaledger/hive.go/batchworkerpool.(*BatchWorkerPool).startBatchDispatcher.func1(0xc0000c4300)
	/home/karimo/go/pkg/mod/github.com/iotaledger/hive.go@v0.0.0-20200817231853-1c598e8496d7/batchworkerpool/batchworkerpool.go:140
created by github.com/iotaledger/hive.go/batchworkerpool.(*BatchWorkerPool).startBatchDispatcher
	/home/karimo/go/pkg/mod/github.com/iotaledger/hive.go@v0.0.0-20200817231853-1c598e8496d7/batchworkerpool/batchworkerpool.go:140 +0x74

goroutine 21 [runnable]:
github.com/iotaledger/hive.go/batchworkerpool.(*BatchWorkerPool).startBatchWorkers.func1(0xc0000c4300)
	/home/karimo/go/pkg/mod/github.com/iotaledger/hive.go@v0.0.0-20200817231853-1c598e8496d7/batchworkerpool/batchworkerpool.go:176
created by github.com/iotaledger/hive.go/batchworkerpool.(*BatchWorkerPool).startBatchWorkers
	/home/karimo/go/pkg/mod/github.com/iotaledger/hive.go@v0.0.0-20200817231853-1c598e8496d7/batchworkerpool/batchworkerpool.go:176 +0x92

goroutine 22 [runnable]:
github.com/iotaledger/hive.go/batchworkerpool.(*BatchWorkerPool).startBatchWorkers.func1(0xc0000c4300)
	/home/karimo/go/pkg/mod/github.com/iotaledger/hive.go@v0.0.0-20200817231853-1c598e8496d7/batchworkerpool/batchworkerpool.go:176
created by github.com/iotaledger/hive.go/batchworkerpool.(*BatchWorkerPool).startBatchWorkers
	/home/karimo/go/pkg/mod/github.com/iotaledger/hive.go@v0.0.0-20200817231853-1c598e8496d7/batchworkerpool/batchworkerpool.go:176 +0x92

goroutine 23 [runnable]:
github.com/iotaledger/hive.go/batchworkerpool.(*BatchWorkerPool).startBatchWorkers.func1(0xc0000c4300)
	/home/karimo/go/pkg/mod/github.com/iotaledger/hive.go@v0.0.0-20200817231853-1c598e8496d7/batchworkerpool/batchworkerpool.go:176
created by github.com/iotaledger/hive.go/batchworkerpool.(*BatchWorkerPool).startBatchWorkers
	/home/karimo/go/pkg/mod/github.com/iotaledger/hive.go@v0.0.0-20200817231853-1c598e8496d7/batchworkerpool/batchworkerpool.go:176 +0x92

goroutine 24 [runnable]:
github.com/iotaledger/hive.go/batchworkerpool.(*BatchWorkerPool).startBatchWorkers.func1(0xc0000c4300)
	/home/karimo/go/pkg/mod/github.com/iotaledger/hive.go@v0.0.0-20200817231853-1c598e8496d7/batchworkerpool/batchworkerpool.go:176
created by github.com/iotaledger/hive.go/batchworkerpool.(*BatchWorkerPool).startBatchWorkers
	/home/karimo/go/pkg/mod/github.com/iotaledger/hive.go@v0.0.0-20200817231853-1c598e8496d7/batchworkerpool/batchworkerpool.go:176 +0x92

goroutine 25 [runnable]:
github.com/iotaledger/hive.go/batchworkerpool.(*BatchWorkerPool).startBatchWorkers.func1(0xc0000c4300)
	/home/karimo/go/pkg/mod/github.com/iotaledger/hive.go@v0.0.0-20200817231853-1c598e8496d7/batchworkerpool/batchworkerpool.go:176
created by github.com/iotaledger/hive.go/batchworkerpool.(*BatchWorkerPool).startBatchWorkers
	/home/karimo/go/pkg/mod/github.com/iotaledger/hive.go@v0.0.0-20200817231853-1c598e8496d7/batchworkerpool/batchworkerpool.go:176 +0x92

goroutine 26 [runnable]:
github.com/iotaledger/hive.go/batchworkerpool.(*BatchWorkerPool).startBatchWorkers.func1(0xc0000c4300)
	/home/karimo/go/pkg/mod/github.com/iotaledger/hive.go@v0.0.0-20200817231853-1c598e8496d7/batchworkerpool/batchworkerpool.go:176
created by github.com/iotaledger/hive.go/batchworkerpool.(*BatchWorkerPool).startBatchWorkers
	/home/karimo/go/pkg/mod/github.com/iotaledger/hive.go@v0.0.0-20200817231853-1c598e8496d7/batchworkerpool/batchworkerpool.go:176 +0x92

goroutine 27 [runnable]:
github.com/iotaledger/hive.go/batchworkerpool.(*BatchWorkerPool).startBatchWorkers.func1(0xc0000c4300)
	/home/karimo/go/pkg/mod/github.com/iotaledger/hive.go@v0.0.0-20200817231853-1c598e8496d7/batchworkerpool/batchworkerpool.go:176
created by github.com/iotaledger/hive.go/batchworkerpool.(*BatchWorkerPool).startBatchWorkers
	/home/karimo/go/pkg/mod/github.com/iotaledger/hive.go@v0.0.0-20200817231853-1c598e8496d7/batchworkerpool/batchworkerpool.go:176 +0x92

goroutine 28 [runnable]:
github.com/iotaledger/hive.go/batchworkerpool.(*BatchWorkerPool).startBatchWorkers.func1(0xc0000c4300)
	/home/karimo/go/pkg/mod/github.com/iotaledger/hive.go@v0.0.0-20200817231853-1c598e8496d7/batchworkerpool/batchworkerpool.go:176
created by github.com/iotaledger/hive.go/batchworkerpool.(*BatchWorkerPool).startBatchWorkers
	/home/karimo/go/pkg/mod/github.com/iotaledger/hive.go@v0.0.0-20200817231853-1c598e8496d7/batchworkerpool/batchworkerpool.go:176 +0x92
exit status 2